Arguments: 
  C:\Program Files\nodejs\node.exe C:\Users\akbar\AppData\Roaming\npm\node_modules\yarn\bin\yarn.js add magic-ui

PATH: 
  C:\Program Files\Common Files\Oracle\Java\javapath;C:\Windows\system32;C:\Windows;C:\Windows\System32\Wbem;C:\Windows\System32\WindowsPowerShell\v1.0\;C:\Windows\System32\OpenSSH\;C:\Program Files (x86)\NVIDIA Corporation\PhysX\Common;C:\Program Files\NVIDIA Corporation\NVIDIA NvDLISR;C:\WINDOWS\system32;C:\WINDOWS;C:\WINDOWS\System32\Wbem;C:\WINDOWS\System32\WindowsPowerShell\v1.0\;C:\WINDOWS\System32\OpenSSH\;C:\Program Files\Git\cmd;C:\Program Files\nodejs\;C:\Users\akbar\Downloads\flutter_windows_3.19.4-stable.zip\flutter\bin;C:\Program Files\Docker\Docker\resources\bin;C:\minikube;C:\Users\akbar\Downloads\protoc-27.2-win64\bin;C:\Users\akbar\.console-ninja\.bin;C:\Program Files\MySQL\MySQL Shell 8.0\bin\;C:\Users\akbar\AppData\Local\Microsoft\WindowsApps;C:\mingw32\bin;C:\Program Files\JetBrains\IntelliJ IDEA Community Edition 2023.2.3\bin;C:\Users\akbar\Downloads\flutter_windows_3.19.4-stable.zip\flutter\bin;;C:\Users\akbar\AppData\Local\Programs\Microsoft VS Code\bin;C:\Users\akbar\AppData\Roaming\npm;C:\Program Files\MongoDB\Server\7.0\bin;C:\mongosh-2.1.0-win32-x64\bin;

Yarn version: 
  1.22.19

Node version: 
  20.9.0

Platform: 
  win32 x64

Trace: 
  Error: EPERM: operation not permitted, unlink 'C:\CarePoint\client\node_modules\@next\swc-win32-x64-msvc\next-swc.win32-x64-msvc.node'

npm manifest: 
  {
    "name": "my-nextjs-app",
    "version": "0.1.0",
    "private": true,
    "scripts": {
      "dev": "next dev",
      "build": "next build",
      "start": "next start",
      "lint": "next lint"
    },
    "dependencies": {
      "@heroicons/react": "^2.1.5",
      "@radix-ui/react-select": "^2.1.1",
      "animate.css": "^4.1.1",
      "antd": "^5.20.0",
      "aos": "^2.3.4",
      "axios": "^1.7.3",
      "canvas-confetti": "^1.9.3",
      "class-variance-authority": "^0.7.0",
      "clsx": "^2.1.1",
      "framer-motion": "^11.3.19",
      "lucide-react": "^0.416.0",
      "next": "^14.2.5",
      "react": "^18.3.1",
      "react-dom": "^18.3.1",
      "tailwind-merge": "^2.4.0",
      "tailwindcss-animate": "^1.0.7"
    },
    "devDependencies": {
      "@types/aos": "^3.0.7",
      "@types/node": "^20.14.14",
      "@types/react": "^18.3.3",
      "@types/react-dom": "^18.3.0",
      "autoprefixer": "^10.4.20",
      "eslint": "^8.57.0",
      "eslint-config-next": "^14.2.5",
      "magicui-cli": "^0.1.6",
      "postcss": "^8.4.40",
      "tailwindcss": "^3.4.7",
      "typescript": "^5.5.4"
    }
  }

yarn manifest: 
  No manifest

Lockfile: 
  No lockfile
